[1017/232537:ERROR:process_reader_win.cc(233)] ReadMemory at 0x1140000 of 64 bytes failed: Only part of a ReadProcessMemory or WriteProcessMemory request was completed. (0x12B)
[1017/232537:WARNING:pe_image_reader.cc(281)] could not read dos header from C:\Program Files (x86)\UCBrowser\Application\UCBrowser.exe
[1017/232537:ERROR:process_reader_win.cc(233)] ReadMemory at 0x77db0000 of 64 bytes failed: Only part of a ReadProcessMemory or WriteProcessMemory request was completed. (0x12B)
[1017/232537:WARNING:pe_image_reader.cc(281)] could not read dos header from C:\WINDOWS\SYSTEM32\ntdll.dll
[1017/232537:ERROR:process_reader_win.cc(233)] ReadMemory at 0x74cc0000 of 64 bytes failed: Only part of a ReadProcessMemory or WriteProcessMemory request was completed. (0x12B)
[1017/232537:WARNING:pe_image_reader.cc(281)] could not read dos header from C:\WINDOWS\System32\KERNELBASE.dll
[1017/232537:ERROR:process_reader_win.cc(233)] ReadMemory at 0x77220000 of 64 bytes failed: Only part of a ReadProcessMemory or WriteProcessMemory request was completed. (0x12B)
[1017/232537:WARNING:pe_image_reader.cc(281)] could not read dos header from C:\WINDOWS\System32\KERNEL32.DLL
[1017/232537:ERROR:process_reader_win.cc(233)] ReadMemory at 0x748e0000 of 64 bytes failed: Only part of a ReadProcessMemory or WriteProcessMemory request was completed. (0x12B)
[1017/232537:WARNING:pe_image_reader.cc(281)] could not read dos header from C:\WINDOWS\System32\ucrtbase.dll
[1017/232537:ERROR:process_reader_win.cc(233)] ReadMemory at 0x74bf0000 of 64 bytes failed: Only part of a ReadProcessMemory or WriteProcessMemory request was completed. (0x12B)
[1017/232537:WARNING:pe_image_reader.cc(281)] could not read dos header from C:\WINDOWS\System32\bcryptPrimitives.dll
[1017/232537:ERROR:process_reader_win.cc(233)] ReadMemory at 0x74660000 of 64 bytes failed: Only part of a ReadProcessMemory or WriteProcessMemory request was completed. (0x12B)
[1017/232537:WARNING:pe_image_reader.cc(281)] could not read dos header from C:\WINDOWS\System32\CRYPTBASE.dll
[1017/232537:ERROR:process_reader_win.cc(233)] ReadMemory at 0x74b80000 of 64 bytes failed: Only part of a ReadProcessMemory or WriteProcessMemory request was completed. (0x12B)
[1017/232537:WARNING:pe_image_reader.cc(281)] could not read dos header from C:\WINDOWS\System32\sechost.dll
[1017/232537:ERROR:process_reader_win.cc(233)] ReadMemory at 0x74670000 of 64 bytes failed: Only part of a ReadProcessMemory or WriteProcessMemory request was completed. (0x12B)
[1017/232537:WARNING:pe_image_reader.cc(281)] could not read dos header from C:\WINDOWS\System32\SspiCli.dll
[1017/232537:ERROR:process_reader_win.cc(233)] ReadMemory at 0x76fc0000 of 64 bytes failed: Only part of a ReadProcessMemory or WriteProcessMemory request was completed. (0x12B)
[1017/232537:WARNING:pe_image_reader.cc(281)] could not read dos header from C:\WINDOWS\System32\RPCRT4.dll
[1017/232537:ERROR:process_reader_win.cc(233)] ReadMemory at 0x77470000 of 64 bytes failed: Only part of a ReadProcessMemory or WriteProcessMemory request was completed. (0x12B)
[1017/232537:WARNING:pe_image_reader.cc(281)] could not read dos header from C:\WINDOWS\System32\combase.dll
[1017/232537:ERROR:process_reader_win.cc(233)] ReadMemory at 0x77870000 of 64 bytes failed: Only part of a ReadProcessMemory or WriteProcessMemory request was completed. (0x12B)
[1017/232537:WARNING:pe_image_reader.cc(281)] could not read dos header from C:\WINDOWS\System32\msvcp_win.dll
[1017/232537:ERROR:process_reader_win.cc(233)] ReadMemory at 0x77850000 of 64 bytes failed: Only part of a ReadProcessMemory or WriteProcessMemory request was completed. (0x12B)
[1017/232537:WARNING:pe_image_reader.cc(281)] could not read dos header from C:\WINDOWS\System32\win32u.dll
[1017/232537:ERROR:process_reader_win.cc(233)] ReadMemory at 0x779e0000 of 64 bytes failed: Only part of a ReadProcessMemory or WriteProcessMemory request was completed. (0x12B)
[1017/232537:WARNING:pe_image_reader.cc(281)] could not read dos header from C:\WINDOWS\System32\USER32.dll
[1017/232537:ERROR:process_reader_win.cc(233)] ReadMemory at 0x77300000 of 64 bytes failed: Only part of a ReadProcessMemory or WriteProcessMemory request was completed. (0x12B)
[1017/232537:WARNING:pe_image_reader.cc(281)] could not read dos header from C:\WINDOWS\System32\gdi32full.dll
[1017/232537:ERROR:process_reader_win.cc(233)] ReadMemory at 0x74a00000 of 64 bytes failed: Only part of a ReadProcessMemory or WriteProcessMemory request was completed. (0x12B)
[1017/232537:WARNING:pe_image_reader.cc(281)] could not read dos header from C:\WINDOWS\System32\GDI32.dll
[1017/232537:ERROR:process_reader_win.cc(233)] ReadMemory at 0x74a90000 of 64 bytes failed: Only part of a ReadProcessMemory or WriteProcessMemory request was completed. (0x12B)
[1017/232537:WARNING:pe_image_reader.cc(281)] could not read dos header from C:\WINDOWS\System32\IMM32.DLL
[1017/232537:ERROR:process_reader_win.cc(233)] ReadMemory at 0x74690000 of 64 bytes failed: Only part of a ReadProcessMemory or WriteProcessMemory request was completed. (0x12B)
[1017/232537:WARNING:pe_image_reader.cc(281)] could not read dos header from C:\WINDOWS\System32\ole32.dll
[1017/232537:ERROR:process_reader_win.cc(233)] ReadMemory at 0x74eb0000 of 64 bytes failed: Only part of a ReadProcessMemory or WriteProcessMemory request was completed. (0x12B)
[1017/232537:WARNING:pe_image_reader.cc(281)] could not read dos header from C:\WINDOWS\System32\msvcrt.dll
[1017/232537:ERROR:process_reader_win.cc(233)] ReadMemory at 0x77910000 of 64 bytes failed: Only part of a ReadProcessMemory or WriteProcessMemory request was completed. (0x12B)
[1017/232537:WARNING:pe_image_reader.cc(281)] could not read dos header from C:\WINDOWS\System32\cfgmgr32.dll
[1017/232537:ERROR:process_reader_win.cc(233)] ReadMemory at 0x77950000 of 64 bytes failed: Only part of a ReadProcessMemory or WriteProcessMemory request was completed. (0x12B)
[1017/232537:WARNING:pe_image_reader.cc(281)] could not read dos header from C:\WINDOWS\System32\shcore.dll
[1017/232537:ERROR:process_reader_win.cc(233)] ReadMemory at 0x76840000 of 64 bytes failed: Only part of a ReadProcessMemory or WriteProcessMemory request was completed. (0x12B)
[1017/232537:WARNING:pe_image_reader.cc(281)] could not read dos header from C:\WINDOWS\System32\ADVAPI32.dll
[1017/232537:ERROR:process_reader_win.cc(233)] ReadMemory at 0x74f70000 of 64 bytes failed: Only part of a ReadProcessMemory or WriteProcessMemory request was completed. (0x12B)
[1017/232537:WARNING:pe_image_reader.cc(281)] could not read dos header from C:\WINDOWS\System32\shlwapi.dll
[1017/232537:ERROR:process_reader_win.cc(233)] ReadMemory at 0x76830000 of 64 bytes failed: Only part of a ReadProcessMemory or WriteProcessMemory request was completed. (0x12B)
[1017/232537:WARNING:pe_image_reader.cc(281)] could not read dos header from C:\WINDOWS\System32\kernel.appcore.dll
[1017/232537:ERROR:process_reader_win.cc(233)] ReadMemory at 0x778f0000 of 64 bytes failed: Only part of a ReadProcessMemory or WriteProcessMemory request was completed. (0x12B)
[1017/232537:WARNING:pe_image_reader.cc(281)] could not read dos header from C:\WINDOWS\System32\profapi.dll
[1017/232537:ERROR:process_reader_win.cc(233)] ReadMemory at 0x74ad0000 of 64 bytes failed: Only part of a ReadProcessMemory or WriteProcessMemory request was completed. (0x12B)
[1017/232537:WARNING:pe_image_reader.cc(281)] could not read dos header from C:\WINDOWS\System32\powrprof.dll
[1017/232537:ERROR:process_reader_win.cc(233)] ReadMemory at 0x74bd0000 of 64 bytes failed: Only part of a ReadProcessMemory or WriteProcessMemory request was completed. (0x12B)
[1017/232537:WARNING:pe_image_reader.cc(281)] could not read dos header from C:\WINDOWS\System32\FLTLIB.DLL
[1017/232537:ERROR:process_reader_win.cc(233)] ReadMemory at 0x76970000 of 64 bytes failed: Only part of a ReadProcessMemory or WriteProcessMemory request was completed. (0x12B)
[1017/232537:WARNING:pe_image_reader.cc(281)] could not read dos header from C:\WINDOWS\System32\windows.storage.dll
[1017/232537:ERROR:process_reader_win.cc(233)] ReadMemory at 0x753f0000 of 64 bytes failed: Only part of a ReadProcessMemory or WriteProcessMemory request was completed. (0x12B)
[1017/232537:WARNING:pe_image_reader.cc(281)] could not read dos header from C:\WINDOWS\System32\SHELL32.dll
[1017/232537:ERROR:process_reader_win.cc(233)] ReadMemory at 0x744c0000 of 64 bytes failed: Only part of a ReadProcessMemory or WriteProcessMemory request was completed. (0x12B)
[1017/232537:WARNING:pe_image_reader.cc(281)] could not read dos header from C:\WINDOWS\SYSTEM32\VERSION.dll
[1017/232537:ERROR:process_reader_win.cc(233)] ReadMemory at 0x708a0000 of 64 bytes failed: Only part of a ReadProcessMemory or WriteProcessMemory request was completed. (0x12B)
[1017/232537:WARNING:pe_image_reader.cc(281)] could not read dos header from C:\Program Files (x86)\UCBrowser\Application\7.0.185.1002\chrome_elf.dll
[1017/232537:ERROR:process_reader_win.cc(233)] ReadMemory at 0x74be0000 of 64 bytes failed: Only part of a ReadProcessMemory or WriteProcessMemory request was completed. (0x12B)
[1017/232537:WARNING:pe_image_reader.cc(281)] could not read dos header from C:\WINDOWS\System32\PSAPI.DLL
[1017/232537:ERROR:process_reader_win.cc(233)] ReadMemory at 0x73a50000 of 64 bytes failed: Only part of a ReadProcessMemory or WriteProcessMemory request was completed. (0x12B)
[1017/232537:WARNING:pe_image_reader.cc(281)] could not read dos header from C:\WINDOWS\SYSTEM32\WINMMBASE.dll
[1017/232537:ERROR:process_reader_win.cc(233)] ReadMemory at 0x73d40000 of 64 bytes failed: Only part of a ReadProcessMemory or WriteProcessMemory request was completed. (0x12B)
[1017/232537:WARNING:pe_image_reader.cc(281)] could not read dos header from C:\WINDOWS\SYSTEM32\WINMM.dll
[1017/232537:ERROR:process_reader_win.cc(233)] ReadMemory at 0x74490000 of 64 bytes failed: Only part of a ReadProcessMemory or WriteProcessMemory request was completed. (0x12B)
[1017/232537:WARNING:pe_image_reader.cc(281)] could not read dos header from C:\WINDOWS\SYSTEM32\USERENV.dll
[1017/232537:ERROR:process_reader_win.cc(233)] ReadMemory at 0x744d0000 of 64 bytes failed: Only part of a ReadProcessMemory or WriteProcessMemory request was completed. (0x12B)
[1017/232537:WARNING:pe_image_reader.cc(281)] could not read dos header from C:\WINDOWS\SYSTEM32\WINHTTP.dll
[1017/232537:ERROR:process_reader_win.cc(233)] ReadMemory at 0x68fb0000 of 64 bytes failed: Only part of a ReadProcessMemory or WriteProcessMemory request was completed. (0x12B)
[1017/232537:WARNING:pe_image_reader.cc(281)] could not read dos header from C:\WINDOWS\SYSTEM32\dbghelp.dll
[1017/232537:ERROR:process_reader_win.cc(233)] ReadMemory at 0x768c0000 of 64 bytes failed: Only part of a ReadProcessMemory or WriteProcessMemory request was completed. (0x12B)
[1017/232537:WARNING:pe_image_reader.cc(281)] could not read dos header from C:\WINDOWS\System32\OLEAUT32.dll
[1017/232537:ERROR:process_reader_win.cc(233)] ReadMemory at 0x77b70000 of 64 bytes failed: Only part of a ReadProcessMemory or WriteProcessMemory request was completed. (0x12B)
[1017/232537:WARNING:pe_image_reader.cc(281)] could not read dos header from C:\WINDOWS\System32\WS2_32.dll
[1017/232537:ERROR:process_reader_win.cc(233)] ReadMemory at 0x70500000 of 64 bytes failed: Only part of a ReadProcessMemory or WriteProcessMemory request was completed. (0x12B)
[1017/232537:WARNING:pe_image_reader.cc(281)] could not read dos header from C:\Program Files (x86)\UCBrowser\Application\7.0.185.1002\libmp3lame.DLL
[1017/232537:ERROR:process_reader_win.cc(233)] ReadMemory at 0x72540000 of 64 bytes failed: Only part of a ReadProcessMemory or WriteProcessMemory request was completed. (0x12B)
[1017/232537:WARNING:pe_image_reader.cc(281)] could not read dos header from C:\WINDOWS\WinSxS\x86_microsoft.windows.common-controls_6595b64144ccf1df_6.0.17134.1006_none_1ba8efce91103545\COMCTL32.dll
[1017/232537:ERROR:process_reader_win.cc(233)] ReadMemory at 0x77be0000 of 64 bytes failed: Only part of a ReadProcessMemory or WriteProcessMemory request was completed. (0x12B)
[1017/232537:WARNING:pe_image_reader.cc(281)] could not read dos header from C:\WINDOWS\System32\COMDLG32.dll
[1017/232537:ERROR:process_reader_win.cc(233)] ReadMemory at 0x723a0000 of 64 bytes failed: Only part of a ReadProcessMemory or WriteProcessMemory request was completed. (0x12B)
[1017/232537:WARNING:pe_image_reader.cc(281)] could not read dos header from C:\WINDOWS\SYSTEM32\USP10.dll
[1017/232537:ERROR:process_reader_win.cc(233)] ReadMemory at 0x73bb0000 of 64 bytes failed: Only part of a ReadProcessMemory or WriteProcessMemory request was completed. (0x12B)
[1017/232537:WARNING:pe_image_reader.cc(281)] could not read dos header from C:\WINDOWS\SYSTEM32\PROPSYS.dll
[1017/232537:ERROR:process_reader_win.cc(233)] ReadMemory at 0x74630000 of 64 bytes failed: Only part of a ReadProcessMemory or WriteProcessMemory request was completed. (0x12B)
[1017/232537:WARNING:pe_image_reader.cc(281)] could not read dos header from C:\WINDOWS\SYSTEM32\IPHLPAPI.DLL
[1017/232537:ERROR:process_reader_win.cc(233)] ReadMemory at 0x74050000 of 64 bytes failed: Only part of a ReadProcessMemory or WriteProcessMemory request was completed. (0x12B)
[1017/232537:WARNING:pe_image_reader.cc(281)] could not read dos header from C:\WINDOWS\SYSTEM32\bcrypt.dll
[1017/232537:ERROR:process_reader_win.cc(233)] ReadMemory at 0x73f40000 of 64 bytes failed: Only part of a ReadProcessMemory or WriteProcessMemory request was completed. (0x12B)
[1017/232537:WARNING:pe_image_reader.cc(281)] could not read dos header from C:\WINDOWS\SYSTEM32\WINSPOOL.DRV
[1017/232537:ERROR:process_reader_win.cc(233)] ReadMemory at 0x74ac0000 of 64 bytes failed: Only part of a ReadProcessMemory or WriteProcessMemory request was completed. (0x12B)
[1017/232537:WARNING:pe_image_reader.cc(281)] could not read dos header from C:\WINDOWS\System32\MSASN1.dll
[1017/232537:ERROR:process_reader_win.cc(233)] ReadMemory at 0x77080000 of 64 bytes failed: Only part of a ReadProcessMemory or WriteProcessMemory request was completed. (0x12B)
[1017/232537:WARNING:pe_image_reader.cc(281)] could not read dos header from C:\WINDOWS\System32\CRYPT32.dll
[1017/232537:ERROR:process_reader_win.cc(233)] ReadMemory at 0x71760000 of 64 bytes failed: Only part of a ReadProcessMemory or WriteProcessMemory request was completed. (0x12B)
[1017/232537:WARNING:pe_image_reader.cc(281)] could not read dos header from C:\WINDOWS\SYSTEM32\Secur32.dll
[1017/232537:ERROR:process_reader_win.cc(233)] ReadMemory at 0x72990000 of 64 bytes failed: Only part of a ReadProcessMemory or WriteProcessMemory request was completed. (0x12B)
[1017/232537:WARNING:pe_image_reader.cc(281)] could not read dos header from C:\WINDOWS\SYSTEM32\iertutil.dll
[1017/232537:ERROR:process_reader_win.cc(233)] ReadMemory at 0x72bc0000 of 64 bytes failed: Only part of a ReadProcessMemory or WriteProcessMemory request was completed. (0x12B)
[1017/232537:WARNING:pe_image_reader.cc(281)] could not read dos header from C:\WINDOWS\SYSTEM32\urlmon.dll
[1017/232537:ERROR:process_reader_win.cc(233)] ReadMemory at 0x74c50000 of 64 bytes failed: Only part of a ReadProcessMemory or WriteProcessMemory request was completed. (0x12B)
[1017/232537:WARNING:pe_image_reader.cc(281)] could not read dos header from C:\WINDOWS\System32\WINTRUST.dll
[1017/232537:ERROR:process_reader_win.cc(233)] ReadMemory at 0x5de00000 of 64 bytes failed: Only part of a ReadProcessMemory or WriteProcessMemory request was completed. (0x12B)
[1017/232537:WARNING:pe_image_reader.cc(281)] could not read dos header from C:\Program Files (x86)\UCBrowser\Application\7.0.185.1002\chrome_child.dll
[1017/232537:ERROR:process_reader_win.cc(233)] ReadMemory at 0x6ec20000 of 64 bytes failed: Only part of a ReadProcessMemory or WriteProcessMemory request was completed. (0x12B)
[1017/232537:WARNING:pe_image_reader.cc(281)] could not read dos header from C:\WINDOWS\SYSTEM32\dwrite.dll
[1017/232538:ERROR:process_reader_win.cc(233)] ReadMemory at 0x6f7000 of 36864 bytes failed: Only part of a ReadProcessMemory or WriteProcessMemory request was completed. (0x12B)
[1017/232538:ERROR:crash_report_exception_handler.cc(366)] WriteEverything failed
[1017/232538:ERROR:scoped_process_suspend.cc(38)] NtResumeProcess: An attempt was made to access an exiting process.  (0xc000010a)
